<?xml version="1.0" encoding="UTF-8"?>
<!-- Generated by org.testng.reporters.JUnitReportReporter -->
<testsuite hostname="DESKTOP-JRPDF9J" failures="0" tests="4" name="day1.HttpReq" time="4.779" errors="0" timestamp="2024-12-16T10:21:24 IST" skipped="0">
  <testcase classname="day1.HttpReq" name="getUsers" time="3.227"/>
  <system-out/>
  <testcase classname="day1.HttpReq" name="CreateUser" time="0.801"/>
  <system-out/>
  <testcase classname="day1.HttpReq" name="UpdateUser" time="0.397"/>
  <system-out/>
  <testcase classname="day1.HttpReq" name="DeleteUser" time="0.354"/>
  <system-out/>
</testsuite> <!-- day1.HttpReq -->
