<?xml version="1.0" encoding="UTF-8"?>
<!-- Generated by org.testng.reporters.JUnitReportReporter -->
<testsuite hostname="DESKTOP-JRPDF9J" failures="0" tests="1" name="day2.httpReq2" time="2.651" errors="0" timestamp="2024-12-17T22:56:42 IST" skipped="0">
  <testcase classname="day2.httpReq2" name="testCreateRecord" time="2.651"/>
  <system-out/>
</testsuite> <!-- day2.httpReq2 -->
